[     156ms] [INFO] %cDownload the React DevTools for a better development experience: https://react.dev/link/react-devtools font-weight:bold @ http://localhost:3004/_next/static/chunks/0e-i_next_dist_05qpvdn._.js:2431
[     165ms] [LOG] [HMR] connected @ http://localhost:3004/_next/static/chunks/0e-i_next_dist_05qpvdn._.js:2431
[     375ms] [WARNING] Clerk: Clerk has been loaded with development keys. Development instances have strict usage limits and should not be used when deploying your application to production. Learn more: https://clerk.com/docs/deployments/overview @ http://localhost:3004/_next/static/chunks/0e-i_next_dist_05qpvdn._.js:2431
[     589ms] [VERBOSE] [DOM] Input elements should have autocomplete attributes (suggested: "current-password"): (More info: https://goo.gl/9p2vKq) %o @ http://localhost:3004/sign-in?redirect_url=http%3A%2F%2Flocalhost%3A3004%2Fdashboard:0
[   20238ms] [VERBOSE] [DOM] Input elements should have autocomplete attributes (suggested: "current-password"): (More info: https://goo.gl/9p2vKq) %o @ http://localhost:3004/sign-in?redirect_url=http%3A%2F%2Flocalhost%3A3004%2Fdashboard#/factor-one:0
[   59169ms] [INFO] %cDownload the React DevTools for a better development experience: https://react.dev/link/react-devtools font-weight:bold @ http://localhost:3004/_next/static/chunks/0e-i_next_dist_05qpvdn._.js:2431
[   59181ms] [LOG] [HMR] connected @ http://localhost:3004/_next/static/chunks/0e-i_next_dist_05qpvdn._.js:2431
[   59392ms] [WARNING] Clerk: Clerk has been loaded with development keys. Development instances have strict usage limits and should not be used when deploying your application to production. Learn more: https://clerk.com/docs/deployments/overview @ http://localhost:3004/_next/static/chunks/0e-i_next_dist_05qpvdn._.js:2431
[   59608ms] [VERBOSE] [DOM] Input elements should have autocomplete attributes (suggested: "current-password"): (More info: https://goo.gl/9p2vKq) %o @ http://localhost:3004/sign-in:0
[   74965ms] [VERBOSE] [DOM] Input elements should have autocomplete attributes (suggested: "current-password"): (More info: https://goo.gl/9p2vKq) %o @ http://localhost:3004/sign-in#/factor-one:0
[  126215ms] [ERROR] Failed to load resource: the server responded with a status of 422 () @ https://working-cat-27.clerk.accounts.dev/v1/client/sign_ins/sia_3BgryRqjFCqYJNjSLFYM1XIponY/attempt_second_factor?__clerk_api_version=2025-11-10&_clerk_js_version=6.3.3&__clerk_db_jwt=dvb_3BgrrQl2CxK7TlKt5O1UYvmAjIZ:0
[  229311ms] [INFO] %cDownload the React DevTools for a better development experience: https://react.dev/link/react-devtools font-weight:bold @ http://localhost:3004/_next/static/chunks/0e-i_next_dist_05qpvdn._.js:2431
[  229325ms] [LOG] [HMR] connected @ http://localhost:3004/_next/static/chunks/0e-i_next_dist_05qpvdn._.js:2431
[  229536ms] [WARNING] Clerk: Clerk has been loaded with development keys. Development instances have strict usage limits and should not be used when deploying your application to production. Learn more: https://clerk.com/docs/deployments/overview @ http://localhost:3004/_next/static/chunks/0e-i_next_dist_05qpvdn._.js:2431
[  229753ms] [VERBOSE] [DOM] Input elements should have autocomplete attributes (suggested: "current-password"): (More info: https://goo.gl/9p2vKq) %o @ http://localhost:3004/sign-in?redirect_url=http%3A%2F%2Flocalhost%3A3004%2Fdashboard:0
[  256181ms] [INFO] %cDownload the React DevTools for a better development experience: https://react.dev/link/react-devtools font-weight:bold @ http://localhost:3004/_next/static/chunks/0e-i_next_dist_05qpvdn._.js:2431
[  256190ms] [LOG] [HMR] connected @ http://localhost:3004/_next/static/chunks/0e-i_next_dist_05qpvdn._.js:2431
[  256404ms] [WARNING] Clerk: Clerk has been loaded with development keys. Development instances have strict usage limits and should not be used when deploying your application to production. Learn more: https://clerk.com/docs/deployments/overview @ http://localhost:3004/_next/static/chunks/0e-i_next_dist_05qpvdn._.js:2431
[  256634ms] [VERBOSE] [DOM] Input elements should have autocomplete attributes (suggested: "current-password"): (More info: https://goo.gl/9p2vKq) %o @ http://localhost:3004/sign-in:0
[  285730ms] [INFO] %cDownload the React DevTools for a better development experience: https://react.dev/link/react-devtools font-weight:bold @ http://localhost:3004/_next/static/chunks/0e-i_next_dist_05qpvdn._.js:2431
[  285741ms] [LOG] [HMR] connected @ http://localhost:3004/_next/static/chunks/0e-i_next_dist_05qpvdn._.js:2431
[  285954ms] [WARNING] Clerk: Clerk has been loaded with development keys. Development instances have strict usage limits and should not be used when deploying your application to production. Learn more: https://clerk.com/docs/deployments/overview @ http://localhost:3004/_next/static/chunks/0e-i_next_dist_05qpvdn._.js:2431
[  286613ms] [ERROR] React does not recognize the `%s` prop on a DOM element. If you intentionally want it to appear in the DOM as a custom attribute, spell it as lowercase `%s` instead. If you accidentally passed it from a parent component, remove it from the DOM element. asChild aschild @ http://localhost:3004/_next/static/chunks/0e-i_next_dist_05qpvdn._.js:3272
[  286618ms] [ERROR] Each child in a list should have a unique "key" prop.%s%s See https://react.dev/link/warning-keys for more information. 

Check the render method of `TableBody`.  It was passed a child from RecentGiftsTable. @ http://localhost:3004/_next/static/chunks/0e-i_next_dist_05qpvdn._.js:3272
[  286735ms] [LOG] [Fast Refresh] rebuilding @ http://localhost:3004/_next/static/chunks/0e-i_next_dist_05qpvdn._.js:2431
[  286789ms] [LOG] [Fast Refresh] done in 155ms @ http://localhost:3004/_next/static/chunks/0e-i_next_dist_05qpvdn._.js:2431
